[22:6:46.328] Global cache location '/home/mik/.cache/typescript/3.7', safe file path '/home/mik/webDev/beepboop_site/node_modules/typescript/lib/typingSafeList.json', types map path /home/mik/webDev/beepboop_site/node_modules/typescript/lib/typesMap.json
[22:6:46.330] Processing cache location '/home/mik/.cache/typescript/3.7'
[22:6:46.330] Trying to find '/home/mik/.cache/typescript/3.7/package.json'...
[22:6:46.336] Loaded content of '/home/mik/.cache/typescript/3.7/package.json': {"private":true,"dependencies":{"types-registry":"^0.1.474"},"devDependencies":{"@types/atob":"^2.1.2","@types/autoprefixer":"^9.6.1","@types/babel-core":"^6.25.6","@types/balanced-match":"^1.0.0","@types/blacklist":"^1.1.0","@types/browserify":"^12.0.36","@types/caniuse-lite":"^1.0.0","@types/clean-css":"^4.2.1","@types/clipboard":"^2.0.1","@types/clone":"^0.1.30","@types/co":"^4.6.2","@types/color":"^3.0.1","@types/color-convert":"^1.9.0","@types/color-string":"^1.5.0","@types/compass-vertical-rhythm":"^1.4.0","@types/core-js":"^2.5.2","@types/create-react-class":"^15.6.3","@types/cssnano":"^4.0.0","@types/d":"^1.0.0","@types/define-properties":"^1.1.1","@types/di":"0.0.0","@types/dir-glob":"^2.0.0","@types/eslint":"^6.1.3","@types/eslint-plugin-prettier":"^2.2.0","@types/exenv":"^1.2.0","@types/favicons-webpack-plugin":"^1.0.0","@types/file-loader":"^4.2.0","@types/flat":"0.0.28","@types/gray-percentage":"^2.0.0","@types/he":"^1.1.0","@types/html-minifier":"^3.5.3","@types/html-webpack-plugin":"^3.2.1","@types/http-server":"^0.10.0","@types/inherits":"0.0.30","@types/inquirer":"^6.5.0","@types/isomorphic-fetch":"0.0.35","@types/istanbul":"^0.4.30","@types/jest":"^24.9.0","@types/js-base64":"^2.3.1","@types/jwt-decode":"^2.2.1","@types/lodash":"^4.14.149","@types/lokijs":"^1.5.3","@types/luxon":"^1.21.0","@types/mini-css-extract-plugin":"^0.9.0","@types/natural":"^0.6.3","@types/node-fetch":"^2.5.4","@types/node-sass":"^4.11.0","@types/nunjucks":"^3.1.3","@types/object-assign":"^4.0.30","@types/object-hash":"^1.3.0","@types/object-keys":"^1.0.0","@types/object-path":"^0.11.0","@types/once":"^1.4.0","@types/optimize-css-assets-webpack-plugin":"^5.0.1","@types/parse-unit":"^1.0.1","@types/pluralize":"0.0.29","@types/postcss-nested":"^4.1.0","@types/prettier":"^1.19.0","@types/prismjs":"^1.16.0","@types/prop-types":"^15.7.3","@types/react":"^16.9.17","@types/react-dom":"^16.9.4","@types/react-helmet":"^5.0.15","@types/react-highlighter":"^0.3.4","@types/react-side-effect":"^1.1.1","@types/relateurl":"^0.2.28","@types/repeat-string":"^1.6.0","@types/resolve":"^1.14.0","@types/rimraf":"^2.0.3","@types/shallowequal":"^1.1.1","@types/sprintf":"^0.1.0","@types/supports-color":"^5.3.0","@types/tapable":"^1.0.4","@types/tape":"^4.2.33","@types/toposort":"^2.0.3","@types/typography":"^0.16.3","@types/typography-breakpoint-constants":"^0.16.0","@types/ua-parser-js":"^0.7.33","@types/uglify-js":"^3.0.4","@types/underscore.string":"0.0.38","@types/url-join":"^4.0.0","@types/util.promisify":"^1.0.1","@types/webpack":"^4.41.2","@types/webpack-dev-server":"^3.9.0","@types/xml2js":"^0.4.5","@types/xtend":"^4.0.2"}}
[22:6:46.336] Loaded content of '/home/mik/.cache/typescript/3.7/package-lock.json'
[22:6:46.361] Adding entry into typings cache: 'atob' => '/home/mik/.cache/typescript/3.7/node_modules/@types/atob/index.d.ts'
[22:6:46.368] Adding entry into typings cache: 'autoprefixer' => '/home/mik/.cache/typescript/3.7/node_modules/@types/autoprefixer/index.d.ts'
[22:6:46.374] Adding entry into typings cache: 'babel-core' => '/home/mik/.cache/typescript/3.7/node_modules/@types/babel-core/index.d.ts'
[22:6:46.382] Adding entry into typings cache: 'balanced-match' => '/home/mik/.cache/typescript/3.7/node_modules/@types/balanced-match/index.d.ts'
[22:6:46.392] Adding entry into typings cache: 'blacklist' => '/home/mik/.cache/typescript/3.7/node_modules/@types/blacklist/index.d.ts'
[22:6:46.397] Adding entry into typings cache: 'browserify' => '/home/mik/.cache/typescript/3.7/node_modules/@types/browserify/index.d.ts'
[22:6:46.401] Adding entry into typings cache: 'caniuse-lite' => '/home/mik/.cache/typescript/3.7/node_modules/@types/caniuse-lite/index.d.ts'
[22:6:46.405] Adding entry into typings cache: 'clean-css' => '/home/mik/.cache/typescript/3.7/node_modules/@types/clean-css/index.d.ts'
[22:6:46.413] Adding entry into typings cache: 'clipboard' => '/home/mik/.cache/typescript/3.7/node_modules/@types/clipboard/index.d.ts'
[22:6:46.417] Adding entry into typings cache: 'clone' => '/home/mik/.cache/typescript/3.7/node_modules/@types/clone/index.d.ts'
[22:6:46.422] Adding entry into typings cache: 'co' => '/home/mik/.cache/typescript/3.7/node_modules/@types/co/index.d.ts'
[22:6:46.426] Adding entry into typings cache: 'color' => '/home/mik/.cache/typescript/3.7/node_modules/@types/color/index.d.ts'
[22:6:46.435] Adding entry into typings cache: 'color-convert' => '/home/mik/.cache/typescript/3.7/node_modules/@types/color-convert/index.d.ts'
[22:6:46.442] Adding entry into typings cache: 'color-string' => '/home/mik/.cache/typescript/3.7/node_modules/@types/color-string/index.d.ts'
[22:6:46.444] Adding entry into typings cache: 'compass-vertical-rhythm' => '/home/mik/.cache/typescript/3.7/node_modules/@types/compass-vertical-rhythm/index.d.ts'
[22:6:46.447] Adding entry into typings cache: 'core-js' => '/home/mik/.cache/typescript/3.7/node_modules/@types/core-js/index.d.ts'
[22:6:46.451] Adding entry into typings cache: 'create-react-class' => '/home/mik/.cache/typescript/3.7/node_modules/@types/create-react-class/index.d.ts'
[22:6:46.454] Adding entry into typings cache: 'cssnano' => '/home/mik/.cache/typescript/3.7/node_modules/@types/cssnano/index.d.ts'
[22:6:46.457] Adding entry into typings cache: 'd' => '/home/mik/.cache/typescript/3.7/node_modules/@types/d/index.d.ts'
[22:6:46.460] Adding entry into typings cache: 'define-properties' => '/home/mik/.cache/typescript/3.7/node_modules/@types/define-properties/index.d.ts'
[22:6:46.466] Adding entry into typings cache: 'di' => '/home/mik/.cache/typescript/3.7/node_modules/@types/di/index.d.ts'
[22:6:46.469] Adding entry into typings cache: 'dir-glob' => '/home/mik/.cache/typescript/3.7/node_modules/@types/dir-glob/index.d.ts'
[22:6:46.476] Adding entry into typings cache: 'eslint' => '/home/mik/.cache/typescript/3.7/node_modules/@types/eslint/ts3.1/index.d.ts'
[22:6:46.479] Adding entry into typings cache: 'eslint-plugin-prettier' => '/home/mik/.cache/typescript/3.7/node_modules/@types/eslint-plugin-prettier/index.d.ts'
[22:6:46.482] Adding entry into typings cache: 'exenv' => '/home/mik/.cache/typescript/3.7/node_modules/@types/exenv/index.d.ts'
[22:6:46.486] Adding entry into typings cache: 'favicons-webpack-plugin' => '/home/mik/.cache/typescript/3.7/node_modules/@types/favicons-webpack-plugin/index.d.ts'
[22:6:46.488] Adding entry into typings cache: 'file-loader' => '/home/mik/.cache/typescript/3.7/node_modules/@types/file-loader/index.d.ts'
[22:6:46.491] Adding entry into typings cache: 'flat' => '/home/mik/.cache/typescript/3.7/node_modules/@types/flat/index.d.ts'
[22:6:46.493] Adding entry into typings cache: 'gray-percentage' => '/home/mik/.cache/typescript/3.7/node_modules/@types/gray-percentage/index.d.ts'
[22:6:46.496] Adding entry into typings cache: 'he' => '/home/mik/.cache/typescript/3.7/node_modules/@types/he/index.d.ts'
[22:6:46.499] Adding entry into typings cache: 'html-minifier' => '/home/mik/.cache/typescript/3.7/node_modules/@types/html-minifier/index.d.ts'
[22:6:46.502] Adding entry into typings cache: 'html-webpack-plugin' => '/home/mik/.cache/typescript/3.7/node_modules/@types/html-webpack-plugin/index.d.ts'
[22:6:46.505] Adding entry into typings cache: 'http-server' => '/home/mik/.cache/typescript/3.7/node_modules/@types/http-server/index.d.ts'
[22:6:46.508] Adding entry into typings cache: 'inherits' => '/home/mik/.cache/typescript/3.7/node_modules/@types/inherits/index.d.ts'
[22:6:46.513] Adding entry into typings cache: 'inquirer' => '/home/mik/.cache/typescript/3.7/node_modules/@types/inquirer/index.d.ts'
[22:6:46.516] Adding entry into typings cache: 'isomorphic-fetch' => '/home/mik/.cache/typescript/3.7/node_modules/@types/isomorphic-fetch/index.d.ts'
[22:6:46.519] Adding entry into typings cache: 'istanbul' => '/home/mik/.cache/typescript/3.7/node_modules/@types/istanbul/index.d.ts'
[22:6:46.528] Adding entry into typings cache: 'jest' => '/home/mik/.cache/typescript/3.7/node_modules/@types/jest/index.d.ts'
[22:6:46.530] Adding entry into typings cache: 'js-base64' => '/home/mik/.cache/typescript/3.7/node_modules/@types/js-base64/index.d.ts'
[22:6:46.536] Adding entry into typings cache: 'jwt-decode' => '/home/mik/.cache/typescript/3.7/node_modules/@types/jwt-decode/index.d.ts'
[22:6:46.541] Adding entry into typings cache: 'lodash' => '/home/mik/.cache/typescript/3.7/node_modules/@types/lodash/ts3.1/index.d.ts'
[22:6:46.546] Adding entry into typings cache: 'lokijs' => '/home/mik/.cache/typescript/3.7/node_modules/@types/lokijs/index.d.ts'
[22:6:46.552] Adding entry into typings cache: 'luxon' => '/home/mik/.cache/typescript/3.7/node_modules/@types/luxon/index.d.ts'
[22:6:46.555] Adding entry into typings cache: 'mini-css-extract-plugin' => '/home/mik/.cache/typescript/3.7/node_modules/@types/mini-css-extract-plugin/index.d.ts'
[22:6:46.558] Adding entry into typings cache: 'natural' => '/home/mik/.cache/typescript/3.7/node_modules/@types/natural/index.d.ts'
[22:6:46.561] Adding entry into typings cache: 'node-fetch' => '/home/mik/.cache/typescript/3.7/node_modules/@types/node-fetch/index.d.ts'
[22:6:46.563] Adding entry into typings cache: 'node-sass' => '/home/mik/.cache/typescript/3.7/node_modules/@types/node-sass/index.d.ts'
[22:6:46.566] Adding entry into typings cache: 'nunjucks' => '/home/mik/.cache/typescript/3.7/node_modules/@types/nunjucks/index.d.ts'
[22:6:46.568] Adding entry into typings cache: 'object-assign' => '/home/mik/.cache/typescript/3.7/node_modules/@types/object-assign/index.d.ts'
[22:6:46.571] Adding entry into typings cache: 'object-hash' => '/home/mik/.cache/typescript/3.7/node_modules/@types/object-hash/index.d.ts'
[22:6:46.573] Adding entry into typings cache: 'object-keys' => '/home/mik/.cache/typescript/3.7/node_modules/@types/object-keys/index.d.ts'
[22:6:46.576] Adding entry into typings cache: 'object-path' => '/home/mik/.cache/typescript/3.7/node_modules/@types/object-path/index.d.ts'
[22:6:46.578] Adding entry into typings cache: 'once' => '/home/mik/.cache/typescript/3.7/node_modules/@types/once/index.d.ts'
[22:6:46.580] Adding entry into typings cache: 'optimize-css-assets-webpack-plugin' => '/home/mik/.cache/typescript/3.7/node_modules/@types/optimize-css-assets-webpack-plugin/index.d.ts'
[22:6:46.583] Adding entry into typings cache: 'parse-unit' => '/home/mik/.cache/typescript/3.7/node_modules/@types/parse-unit/index.d.ts'
[22:6:46.585] Adding entry into typings cache: 'pluralize' => '/home/mik/.cache/typescript/3.7/node_modules/@types/pluralize/index.d.ts'
[22:6:46.590] Adding entry into typings cache: 'postcss-nested' => '/home/mik/.cache/typescript/3.7/node_modules/@types/postcss-nested/index.d.ts'
[22:6:46.593] Adding entry into typings cache: 'prettier' => '/home/mik/.cache/typescript/3.7/node_modules/@types/prettier/index.d.ts'
[22:6:46.596] Adding entry into typings cache: 'prismjs' => '/home/mik/.cache/typescript/3.7/node_modules/@types/prismjs/index.d.ts'
[22:6:46.599] Adding entry into typings cache: 'prop-types' => '/home/mik/.cache/typescript/3.7/node_modules/@types/prop-types/index.d.ts'
[22:6:46.602] Adding entry into typings cache: 'react' => '/home/mik/.cache/typescript/3.7/node_modules/@types/react/index.d.ts'
[22:6:46.604] Adding entry into typings cache: 'react-dom' => '/home/mik/.cache/typescript/3.7/node_modules/@types/react-dom/index.d.ts'
[22:6:46.608] Adding entry into typings cache: 'react-helmet' => '/home/mik/.cache/typescript/3.7/node_modules/@types/react-helmet/index.d.ts'
[22:6:46.610] Adding entry into typings cache: 'react-highlighter' => '/home/mik/.cache/typescript/3.7/node_modules/@types/react-highlighter/index.d.ts'
[22:6:46.613] Adding entry into typings cache: 'react-side-effect' => '/home/mik/.cache/typescript/3.7/node_modules/@types/react-side-effect/index.d.ts'
[22:6:46.615] Adding entry into typings cache: 'relateurl' => '/home/mik/.cache/typescript/3.7/node_modules/@types/relateurl/index.d.ts'
[22:6:46.617] Adding entry into typings cache: 'repeat-string' => '/home/mik/.cache/typescript/3.7/node_modules/@types/repeat-string/index.d.ts'
[22:6:46.618] Adding entry into typings cache: 'resolve' => '/home/mik/.cache/typescript/3.7/node_modules/@types/resolve/index.d.ts'
[22:6:46.619] Adding entry into typings cache: 'rimraf' => '/home/mik/.cache/typescript/3.7/node_modules/@types/rimraf/index.d.ts'
[22:6:46.623] Adding entry into typings cache: 'shallowequal' => '/home/mik/.cache/typescript/3.7/node_modules/@types/shallowequal/index.d.ts'
[22:6:46.624] Adding entry into typings cache: 'sprintf' => '/home/mik/.cache/typescript/3.7/node_modules/@types/sprintf/index.d.ts'
[22:6:46.628] Adding entry into typings cache: 'supports-color' => '/home/mik/.cache/typescript/3.7/node_modules/@types/supports-color/index.d.ts'
[22:6:46.629] Adding entry into typings cache: 'tapable' => '/home/mik/.cache/typescript/3.7/node_modules/@types/tapable/index.d.ts'
[22:6:46.632] Adding entry into typings cache: 'tape' => '/home/mik/.cache/typescript/3.7/node_modules/@types/tape/index.d.ts'
[22:6:46.635] Adding entry into typings cache: 'toposort' => '/home/mik/.cache/typescript/3.7/node_modules/@types/toposort/index.d.ts'
[22:6:46.637] Adding entry into typings cache: 'typography' => '/home/mik/.cache/typescript/3.7/node_modules/@types/typography/index.d.ts'
[22:6:46.639] Adding entry into typings cache: 'typography-breakpoint-constants' => '/home/mik/.cache/typescript/3.7/node_modules/@types/typography-breakpoint-constants/index.d.ts'
[22:6:46.644] Adding entry into typings cache: 'ua-parser-js' => '/home/mik/.cache/typescript/3.7/node_modules/@types/ua-parser-js/index.d.ts'
[22:6:46.650] Adding entry into typings cache: 'uglify-js' => '/home/mik/.cache/typescript/3.7/node_modules/@types/uglify-js/index.d.ts'
[22:6:46.651] Adding entry into typings cache: 'underscore.string' => '/home/mik/.cache/typescript/3.7/node_modules/@types/underscore.string/index.d.ts'
[22:6:46.653] Adding entry into typings cache: 'url-join' => '/home/mik/.cache/typescript/3.7/node_modules/@types/url-join/index.d.ts'
[22:6:46.655] Adding entry into typings cache: 'util.promisify' => '/home/mik/.cache/typescript/3.7/node_modules/@types/util.promisify/index.d.ts'
[22:6:46.656] Adding entry into typings cache: 'webpack' => '/home/mik/.cache/typescript/3.7/node_modules/@types/webpack/index.d.ts'
[22:6:46.658] Adding entry into typings cache: 'webpack-dev-server' => '/home/mik/.cache/typescript/3.7/node_modules/@types/webpack-dev-server/index.d.ts'
[22:6:46.659] Adding entry into typings cache: 'xml2js' => '/home/mik/.cache/typescript/3.7/node_modules/@types/xml2js/index.d.ts'
[22:6:46.661] Adding entry into typings cache: 'xtend' => '/home/mik/.cache/typescript/3.7/node_modules/@types/xtend/index.d.ts'
[22:6:46.661] Finished processing cache location '/home/mik/.cache/typescript/3.7'
[22:6:46.661] Process id: 5639
[22:6:46.661] NPM location: /usr/bin/npm (explicit '--npmLocation' not  provided)
[22:6:46.661] validateDefaultNpmLocation: false
[22:6:46.662] Npm config file: /home/mik/.cache/typescript/3.7/package.json
[22:6:46.662] Updating types-registry npm package...
[22:6:46.662] Exec: /usr/bin/npm install --ignore-scripts types-registry@latest
[22:6:49.667]     Succeeded. stdout:
    + types-registry@0.1.474
    updated 1 package and audited 343 packages in 2.101s

1 package is looking for funding
  run `npm fund` for details

found 0 vulnerabilities


[22:6:49.668] Updated types-registry npm package
[22:6:50.931] Got install request {"projectName":"/dev/null/inferredProject1*","fileNames":["/home/mik/webDev/beepboop_site/node_modules/typescript/lib/lib.d.ts","/home/mik/webDev/beepboop_site/node_modules/typescript/lib/lib.es5.d.ts","/home/mik/webDev/beepboop_site/node_modules/typescript/lib/lib.dom.d.ts","/home/mik/webDev/beepboop_site/node_modules/typescript/lib/lib.webworker.importscripts.d.ts","/home/mik/webDev/beepboop_site/node_modules/typescript/lib/lib.scripthost.d.ts","/home/mik/webDev/beepboop_site/src/site/css/styles.11ty.js"],"compilerOptions":{"target":1,"jsx":1,"allowNonTsExtensions":true,"allowJs":true,"noEmitForJsFiles":true,"maxNodeModuleJsDepth":2},"typeAcquisition":{"enable":true,"include":[],"exclude":[]},"unresolvedImports":["@csstools/sass-import-resolve","array-union","css-blank-pseudo","css-has-pseudo","css-prefers-color-scheme","cssdb","globby","postcss-advanced-variables","postcss-atroot","postcss-attribute-case-insensitive","postcss-color-functional-notation","postcss-color-gray","postcss-color-hex-alpha","postcss-color-mix","postcss-color-mod-function","postcss-color-rebeccapurple","postcss-custom-media","postcss-custom-properties","postcss-custom-selectors","postcss-dir-pseudo-class","postcss-double-position-gradients","postcss-env-function","postcss-extend-rule","postcss-focus-visible","postcss-focus-within","postcss-font-variant","postcss-gap-properties","postcss-image-set-function","postcss-import","postcss-initial","postcss-js","postcss-lab-function","postcss-logical","postcss-media-minmax","postcss-message-helpers","postcss-mixins","postcss-nesting","postcss-overflow-shorthand","postcss-page-break","postcss-place","postcss-preset-env","postcss-property-lookup","postcss-pseudo-class-any-link","postcss-replace-overflow-wrap","postcss-selector-matches","postcss-selector-not","postcss-value-parser","precss","read-cache","sugarss"],"projectRootPath":"/home/mik/webDev/beepboop_site/src/site/css","kind":"discover"}
[22:6:50.959] Loaded safelist from types map file '/home/mik/webDev/beepboop_site/node_modules/typescript/lib/typesMap.json'
[22:6:50.960] Explicitly included types: []
[22:6:50.962] Inferred typings from unresolved imports: ["@csstools/sass-import-resolve","array-union","postcss-color-functional-notation","postcss-color-gray","postcss-color-hex-alpha","postcss-color-mix","postcss-color-mod-function","postcss-color-rebeccapurple","postcss-custom-media","postcss-custom-properties","postcss-custom-selectors","postcss-dir-pseudo-class","css-blank-pseudo","postcss-double-position-gradients","postcss-env-function","postcss-extend-rule","postcss-focus-visible","postcss-focus-within","postcss-font-variant","postcss-gap-properties","postcss-image-set-function","postcss-import","postcss-initial","css-has-pseudo","postcss-js","postcss-lab-function","postcss-logical","postcss-media-minmax","postcss-message-helpers","postcss-mixins","postcss-nesting","postcss-overflow-shorthand","postcss-page-break","postcss-place","css-prefers-color-scheme","postcss-preset-env","postcss-property-lookup","postcss-pseudo-class-any-link","postcss-replace-overflow-wrap","postcss-selector-matches","postcss-selector-not","postcss-value-parser","precss","read-cache","sugarss","cssdb","globby","postcss-advanced-variables","postcss-atroot","postcss-attribute-case-insensitive"]
[22:6:50.962] Result: {"cachedTypingPaths":[],"newTypingNames":["@csstools/sass-import-resolve","array-union","postcss-color-functional-notation","postcss-color-gray","postcss-color-hex-alpha","postcss-color-mix","postcss-color-mod-function","postcss-color-rebeccapurple","postcss-custom-media","postcss-custom-properties","postcss-custom-selectors","postcss-dir-pseudo-class","css-blank-pseudo","postcss-double-position-gradients","postcss-env-function","postcss-extend-rule","postcss-focus-visible","postcss-focus-within","postcss-font-variant","postcss-gap-properties","postcss-image-set-function","postcss-import","postcss-initial","css-has-pseudo","postcss-js","postcss-lab-function","postcss-logical","postcss-media-minmax","postcss-message-helpers","postcss-mixins","postcss-nesting","postcss-overflow-shorthand","postcss-page-break","postcss-place","css-prefers-color-scheme","postcss-preset-env","postcss-property-lookup","postcss-pseudo-class-any-link","postcss-replace-overflow-wrap","postcss-selector-matches","postcss-selector-not","postcss-value-parser","precss","read-cache","sugarss","cssdb","globby","postcss-advanced-variables","postcss-atroot","postcss-attribute-case-insensitive"],"filesToWatch":["/home/mik/webDev/beepboop_site/src/site/css/bower_components","/home/mik/webDev/beepboop_site/src/site/css/node_modules"]}
[22:6:50.963] Finished typings discovery: {"cachedTypingPaths":[],"newTypingNames":["@csstools/sass-import-resolve","array-union","postcss-color-functional-notation","postcss-color-gray","postcss-color-hex-alpha","postcss-color-mix","postcss-color-mod-function","postcss-color-rebeccapurple","postcss-custom-media","postcss-custom-properties","postcss-custom-selectors","postcss-dir-pseudo-class","css-blank-pseudo","postcss-double-position-gradients","postcss-env-function","postcss-extend-rule","postcss-focus-visible","postcss-focus-within","postcss-font-variant","postcss-gap-properties","postcss-image-set-function","postcss-import","postcss-initial","css-has-pseudo","postcss-js","postcss-lab-function","postcss-logical","postcss-media-minmax","postcss-message-helpers","postcss-mixins","postcss-nesting","postcss-overflow-shorthand","postcss-page-break","postcss-place","css-prefers-color-scheme","postcss-preset-env","postcss-property-lookup","postcss-pseudo-class-any-link","postcss-replace-overflow-wrap","postcss-selector-matches","postcss-selector-not","postcss-value-parser","precss","read-cache","sugarss","cssdb","globby","postcss-advanced-variables","postcss-atroot","postcss-attribute-case-insensitive"],"filesToWatch":["/home/mik/webDev/beepboop_site/src/site/css/bower_components","/home/mik/webDev/beepboop_site/src/site/css/node_modules"]}
[22:6:50.963] DirectoryWatcher:: Added:: WatchInfo: /home/mik/webDev/beepboop_site/src/site/css/bower_components
[22:6:50.969] DirectoryWatcher:: Added:: WatchInfo: /home/mik/webDev/beepboop_site/src/site/css/node_modules
[22:6:50.970] Installing typings ["@csstools/sass-import-resolve","array-union","postcss-color-functional-notation","postcss-color-gray","postcss-color-hex-alpha","postcss-color-mix","postcss-color-mod-function","postcss-color-rebeccapurple","postcss-custom-media","postcss-custom-properties","postcss-custom-selectors","postcss-dir-pseudo-class","css-blank-pseudo","postcss-double-position-gradients","postcss-env-function","postcss-extend-rule","postcss-focus-visible","postcss-focus-within","postcss-font-variant","postcss-gap-properties","postcss-image-set-function","postcss-import","postcss-initial","css-has-pseudo","postcss-js","postcss-lab-function","postcss-logical","postcss-media-minmax","postcss-message-helpers","postcss-mixins","postcss-nesting","postcss-overflow-shorthand","postcss-page-break","postcss-place","css-prefers-color-scheme","postcss-preset-env","postcss-property-lookup","postcss-pseudo-class-any-link","postcss-replace-overflow-wrap","postcss-selector-matches","postcss-selector-not","postcss-value-parser","precss","read-cache","sugarss","cssdb","globby","postcss-advanced-variables","postcss-atroot","postcss-attribute-case-insensitive"]
[22:6:50.971] '@csstools/sass-import-resolve':: Entry for package 'csstools__sass-import-resolve' does not exist in local types registry - skipping...
[22:6:50.971] 'array-union':: Entry for package 'array-union' does not exist in local types registry - skipping...
[22:6:50.971] 'postcss-color-functional-notation':: Entry for package 'postcss-color-functional-notation' does not exist in local types registry - skipping...
[22:6:50.971] 'postcss-color-gray':: Entry for package 'postcss-color-gray' does not exist in local types registry - skipping...
[22:6:50.971] 'postcss-color-hex-alpha':: Entry for package 'postcss-color-hex-alpha' does not exist in local types registry - skipping...
[22:6:50.971] 'postcss-color-mix':: Entry for package 'postcss-color-mix' does not exist in local types registry - skipping...
[22:6:50.971] 'postcss-color-mod-function':: Entry for package 'postcss-color-mod-function' does not exist in local types registry - skipping...
[22:6:50.971] 'postcss-color-rebeccapurple':: Entry for package 'postcss-color-rebeccapurple' does not exist in local types registry - skipping...
[22:6:50.971] 'postcss-custom-media':: Entry for package 'postcss-custom-media' does not exist in local types registry - skipping...
[22:6:50.972] 'postcss-custom-properties':: Entry for package 'postcss-custom-properties' does not exist in local types registry - skipping...
[22:6:50.972] 'postcss-custom-selectors':: Entry for package 'postcss-custom-selectors' does not exist in local types registry - skipping...
[22:6:50.972] 'postcss-dir-pseudo-class':: Entry for package 'postcss-dir-pseudo-class' does not exist in local types registry - skipping...
[22:6:50.972] 'css-blank-pseudo':: Entry for package 'css-blank-pseudo' does not exist in local types registry - skipping...
[22:6:50.972] 'postcss-double-position-gradients':: Entry for package 'postcss-double-position-gradients' does not exist in local types registry - skipping...
[22:6:50.972] 'postcss-env-function':: Entry for package 'postcss-env-function' does not exist in local types registry - skipping...
[22:6:50.972] 'postcss-extend-rule':: Entry for package 'postcss-extend-rule' does not exist in local types registry - skipping...
[22:6:50.972] 'postcss-focus-visible':: Entry for package 'postcss-focus-visible' does not exist in local types registry - skipping...
[22:6:50.972] 'postcss-focus-within':: Entry for package 'postcss-focus-within' does not exist in local types registry - skipping...
[22:6:50.972] 'postcss-font-variant':: Entry for package 'postcss-font-variant' does not exist in local types registry - skipping...
[22:6:50.972] 'postcss-gap-properties':: Entry for package 'postcss-gap-properties' does not exist in local types registry - skipping...
[22:6:50.972] 'postcss-image-set-function':: Entry for package 'postcss-image-set-function' does not exist in local types registry - skipping...
[22:6:50.972] 'postcss-import':: Entry for package 'postcss-import' does not exist in local types registry - skipping...
[22:6:50.972] 'postcss-initial':: Entry for package 'postcss-initial' does not exist in local types registry - skipping...
[22:6:50.973] 'css-has-pseudo':: Entry for package 'css-has-pseudo' does not exist in local types registry - skipping...
[22:6:50.973] 'postcss-js':: Entry for package 'postcss-js' does not exist in local types registry - skipping...
[22:6:50.973] 'postcss-lab-function':: Entry for package 'postcss-lab-function' does not exist in local types registry - skipping...
[22:6:50.973] 'postcss-logical':: Entry for package 'postcss-logical' does not exist in local types registry - skipping...
[22:6:50.973] 'postcss-media-minmax':: Entry for package 'postcss-media-minmax' does not exist in local types registry - skipping...
[22:6:50.973] 'postcss-message-helpers':: Entry for package 'postcss-message-helpers' does not exist in local types registry - skipping...
[22:6:50.973] 'postcss-mixins':: Entry for package 'postcss-mixins' does not exist in local types registry - skipping...
[22:6:50.973] 'postcss-nesting':: Entry for package 'postcss-nesting' does not exist in local types registry - skipping...
[22:6:50.973] 'postcss-overflow-shorthand':: Entry for package 'postcss-overflow-shorthand' does not exist in local types registry - skipping...
[22:6:50.973] 'postcss-page-break':: Entry for package 'postcss-page-break' does not exist in local types registry - skipping...
[22:6:50.973] 'postcss-place':: Entry for package 'postcss-place' does not exist in local types registry - skipping...
[22:6:50.973] 'css-prefers-color-scheme':: Entry for package 'css-prefers-color-scheme' does not exist in local types registry - skipping...
[22:6:50.973] 'postcss-preset-env':: Entry for package 'postcss-preset-env' does not exist in local types registry - skipping...
[22:6:50.973] 'postcss-property-lookup':: Entry for package 'postcss-property-lookup' does not exist in local types registry - skipping...
[22:6:50.973] 'postcss-pseudo-class-any-link':: Entry for package 'postcss-pseudo-class-any-link' does not exist in local types registry - skipping...
[22:6:50.974] 'postcss-replace-overflow-wrap':: Entry for package 'postcss-replace-overflow-wrap' does not exist in local types registry - skipping...
[22:6:50.974] 'postcss-selector-matches':: Entry for package 'postcss-selector-matches' does not exist in local types registry - skipping...
[22:6:50.974] 'postcss-selector-not':: Entry for package 'postcss-selector-not' does not exist in local types registry - skipping...
[22:6:50.974] 'postcss-value-parser':: Entry for package 'postcss-value-parser' does not exist in local types registry - skipping...
[22:6:50.974] 'precss':: Entry for package 'precss' does not exist in local types registry - skipping...
[22:6:50.974] 'read-cache':: Entry for package 'read-cache' does not exist in local types registry - skipping...
[22:6:50.974] 'sugarss':: Entry for package 'sugarss' does not exist in local types registry - skipping...
[22:6:50.974] 'cssdb':: Entry for package 'cssdb' does not exist in local types registry - skipping...
[22:6:50.974] 'globby':: Entry for package 'globby' does not exist in local types registry - skipping...
[22:6:50.974] 'postcss-advanced-variables':: Entry for package 'postcss-advanced-variables' does not exist in local types registry - skipping...
[22:6:50.974] 'postcss-atroot':: Entry for package 'postcss-atroot' does not exist in local types registry - skipping...
[22:6:50.974] 'postcss-attribute-case-insensitive':: Entry for package 'postcss-attribute-case-insensitive' does not exist in local types registry - skipping...
[22:6:50.974] All typings are known to be missing or invalid - no need to install more typings
[22:6:50.975] Sending response:
    {"projectName":"/dev/null/inferredProject1*","typeAcquisition":{"enable":true,"include":[],"exclude":[]},"compilerOptions":{"target":1,"jsx":1,"allowNonTsExtensions":true,"allowJs":true,"noEmitForJsFiles":true,"maxNodeModuleJsDepth":2},"typings":[],"unresolvedImports":["@csstools/sass-import-resolve","array-union","css-blank-pseudo","css-has-pseudo","css-prefers-color-scheme","cssdb","globby","postcss-advanced-variables","postcss-atroot","postcss-attribute-case-insensitive","postcss-color-functional-notation","postcss-color-gray","postcss-color-hex-alpha","postcss-color-mix","postcss-color-mod-function","postcss-color-rebeccapurple","postcss-custom-media","postcss-custom-properties","postcss-custom-selectors","postcss-dir-pseudo-class","postcss-double-position-gradients","postcss-env-function","postcss-extend-rule","postcss-focus-visible","postcss-focus-within","postcss-font-variant","postcss-gap-properties","postcss-image-set-function","postcss-import","postcss-initial","postcss-js","postcss-lab-function","postcss-logical","postcss-media-minmax","postcss-message-helpers","postcss-mixins","postcss-nesting","postcss-overflow-shorthand","postcss-page-break","postcss-place","postcss-preset-env","postcss-property-lookup","postcss-pseudo-class-any-link","postcss-replace-overflow-wrap","postcss-selector-matches","postcss-selector-not","postcss-value-parser","precss","read-cache","sugarss"],"kind":"action::set"}
[22:6:50.976] Response has been sent.
[22:11:27.123] Got install request {"projectName":"/dev/null/inferredProject1*","fileNames":["/home/mik/webDev/beepboop_site/node_modules/typescript/lib/lib.d.ts","/home/mik/webDev/beepboop_site/node_modules/typescript/lib/lib.es5.d.ts","/home/mik/webDev/beepboop_site/node_modules/typescript/lib/lib.dom.d.ts","/home/mik/webDev/beepboop_site/node_modules/typescript/lib/lib.webworker.importscripts.d.ts","/home/mik/webDev/beepboop_site/node_modules/typescript/lib/lib.scripthost.d.ts","/home/mik/webDev/beepboop_site/src/site/css/styles.11ty.js"],"compilerOptions":{"target":1,"jsx":1,"allowNonTsExtensions":true,"allowJs":true,"noEmitForJsFiles":true,"maxNodeModuleJsDepth":2},"typeAcquisition":{"enable":true,"include":[],"exclude":[]},"unresolvedImports":["","@csstools/sass-import-resolve","array-union","css-blank-pseudo","css-has-pseudo","css-prefers-color-scheme","cssdb","globby","postcss-advanced-variables","postcss-atroot","postcss-attribute-case-insensitive","postcss-color-functional-notation","postcss-color-gray","postcss-color-hex-alpha","postcss-color-mix","postcss-color-mod-function","postcss-color-rebeccapurple","postcss-custom-media","postcss-custom-properties","postcss-custom-selectors","postcss-dir-pseudo-class","postcss-double-position-gradients","postcss-env-function","postcss-extend-rule","postcss-focus-visible","postcss-focus-within","postcss-font-variant","postcss-gap-properties","postcss-image-set-function","postcss-import","postcss-initial","postcss-js","postcss-lab-function","postcss-logical","postcss-media-minmax","postcss-message-helpers","postcss-mixins","postcss-nesting","postcss-overflow-shorthand","postcss-page-break","postcss-place","postcss-preset-env","postcss-property-lookup","postcss-pseudo-class-any-link","postcss-replace-overflow-wrap","postcss-selector-matches","postcss-selector-not","postcss-value-parser","precss","read-cache","sugarss"],"projectRootPath":"/home/mik/webDev/beepboop_site/src/site/css","kind":"discover"}
[22:11:27.124] Explicitly included types: []
[22:11:27.126] Inferred typings from unresolved imports: ["","@csstools/sass-import-resolve","postcss-attribute-case-insensitive","postcss-color-functional-notation","postcss-color-gray","postcss-color-hex-alpha","postcss-color-mix","postcss-color-mod-function","postcss-color-rebeccapurple","postcss-custom-media","postcss-custom-properties","postcss-custom-selectors","array-union","postcss-dir-pseudo-class","postcss-double-position-gradients","postcss-env-function","postcss-extend-rule","postcss-focus-visible","postcss-focus-within","postcss-font-variant","postcss-gap-properties","postcss-image-set-function","postcss-import","css-blank-pseudo","postcss-initial","postcss-js","postcss-lab-function","postcss-logical","postcss-media-minmax","postcss-message-helpers","postcss-mixins","postcss-nesting","postcss-overflow-shorthand","postcss-page-break","css-has-pseudo","postcss-place","postcss-preset-env","postcss-property-lookup","postcss-pseudo-class-any-link","postcss-replace-overflow-wrap","postcss-selector-matches","postcss-selector-not","postcss-value-parser","precss","read-cache","css-prefers-color-scheme","sugarss","cssdb","globby","postcss-advanced-variables","postcss-atroot"]
[22:11:27.127] Result: {"cachedTypingPaths":[],"newTypingNames":["","@csstools/sass-import-resolve","postcss-attribute-case-insensitive","postcss-color-functional-notation","postcss-color-gray","postcss-color-hex-alpha","postcss-color-mix","postcss-color-mod-function","postcss-color-rebeccapurple","postcss-custom-media","postcss-custom-properties","postcss-custom-selectors","array-union","postcss-dir-pseudo-class","postcss-double-position-gradients","postcss-env-function","postcss-extend-rule","postcss-focus-visible","postcss-focus-within","postcss-font-variant","postcss-gap-properties","postcss-image-set-function","postcss-import","css-blank-pseudo","postcss-initial","postcss-js","postcss-lab-function","postcss-logical","postcss-media-minmax","postcss-message-helpers","postcss-mixins","postcss-nesting","postcss-overflow-shorthand","postcss-page-break","css-has-pseudo","postcss-place","postcss-preset-env","postcss-property-lookup","postcss-pseudo-class-any-link","postcss-replace-overflow-wrap","postcss-selector-matches","postcss-selector-not","postcss-value-parser","precss","read-cache","css-prefers-color-scheme","sugarss","cssdb","globby","postcss-advanced-variables","postcss-atroot"],"filesToWatch":["/home/mik/webDev/beepboop_site/src/site/css/bower_components","/home/mik/webDev/beepboop_site/src/site/css/node_modules"]}
[22:11:27.127] Finished typings discovery: {"cachedTypingPaths":[],"newTypingNames":["","@csstools/sass-import-resolve","postcss-attribute-case-insensitive","postcss-color-functional-notation","postcss-color-gray","postcss-color-hex-alpha","postcss-color-mix","postcss-color-mod-function","postcss-color-rebeccapurple","postcss-custom-media","postcss-custom-properties","postcss-custom-selectors","array-union","postcss-dir-pseudo-class","postcss-double-position-gradients","postcss-env-function","postcss-extend-rule","postcss-focus-visible","postcss-focus-within","postcss-font-variant","postcss-gap-properties","postcss-image-set-function","postcss-import","css-blank-pseudo","postcss-initial","postcss-js","postcss-lab-function","postcss-logical","postcss-media-minmax","postcss-message-helpers","postcss-mixins","postcss-nesting","postcss-overflow-shorthand","postcss-page-break","css-has-pseudo","postcss-place","postcss-preset-env","postcss-property-lookup","postcss-pseudo-class-any-link","postcss-replace-overflow-wrap","postcss-selector-matches","postcss-selector-not","postcss-value-parser","precss","read-cache","css-prefers-color-scheme","sugarss","cssdb","globby","postcss-advanced-variables","postcss-atroot"],"filesToWatch":["/home/mik/webDev/beepboop_site/src/site/css/bower_components","/home/mik/webDev/beepboop_site/src/site/css/node_modules"]}
[22:11:27.128] Installing typings ["","@csstools/sass-import-resolve","postcss-attribute-case-insensitive","postcss-color-functional-notation","postcss-color-gray","postcss-color-hex-alpha","postcss-color-mix","postcss-color-mod-function","postcss-color-rebeccapurple","postcss-custom-media","postcss-custom-properties","postcss-custom-selectors","array-union","postcss-dir-pseudo-class","postcss-double-position-gradients","postcss-env-function","postcss-extend-rule","postcss-focus-visible","postcss-focus-within","postcss-font-variant","postcss-gap-properties","postcss-image-set-function","postcss-import","css-blank-pseudo","postcss-initial","postcss-js","postcss-lab-function","postcss-logical","postcss-media-minmax","postcss-message-helpers","postcss-mixins","postcss-nesting","postcss-overflow-shorthand","postcss-page-break","css-has-pseudo","postcss-place","postcss-preset-env","postcss-property-lookup","postcss-pseudo-class-any-link","postcss-replace-overflow-wrap","postcss-selector-matches","postcss-selector-not","postcss-value-parser","precss","read-cache","css-prefers-color-scheme","sugarss","cssdb","globby","postcss-advanced-variables","postcss-atroot"]
[22:11:27.129] '':: Package name '' cannot be empty
[22:11:27.129] '@csstools/sass-import-resolve':: Entry for package 'csstools__sass-import-resolve' does not exist in local types registry - skipping...
[22:11:27.130] 'postcss-attribute-case-insensitive':: Entry for package 'postcss-attribute-case-insensitive' does not exist in local types registry - skipping...
[22:11:27.130] 'postcss-color-functional-notation':: Entry for package 'postcss-color-functional-notation' does not exist in local types registry - skipping...
[22:11:27.130] 'postcss-color-gray':: Entry for package 'postcss-color-gray' does not exist in local types registry - skipping...
[22:11:27.130] 'postcss-color-hex-alpha':: Entry for package 'postcss-color-hex-alpha' does not exist in local types registry - skipping...
[22:11:27.130] 'postcss-color-mix':: Entry for package 'postcss-color-mix' does not exist in local types registry - skipping...
[22:11:27.130] 'postcss-color-mod-function':: Entry for package 'postcss-color-mod-function' does not exist in local types registry - skipping...
[22:11:27.130] 'postcss-color-rebeccapurple':: Entry for package 'postcss-color-rebeccapurple' does not exist in local types registry - skipping...
[22:11:27.131] 'postcss-custom-media':: Entry for package 'postcss-custom-media' does not exist in local types registry - skipping...
[22:11:27.131] 'postcss-custom-properties':: Entry for package 'postcss-custom-properties' does not exist in local types registry - skipping...
[22:11:27.131] 'postcss-custom-selectors':: Entry for package 'postcss-custom-selectors' does not exist in local types registry - skipping...
[22:11:27.131] 'array-union':: Entry for package 'array-union' does not exist in local types registry - skipping...
[22:11:27.131] 'postcss-dir-pseudo-class':: Entry for package 'postcss-dir-pseudo-class' does not exist in local types registry - skipping...
[22:11:27.131] 'postcss-double-position-gradients':: Entry for package 'postcss-double-position-gradients' does not exist in local types registry - skipping...
[22:11:27.131] 'postcss-env-function':: Entry for package 'postcss-env-function' does not exist in local types registry - skipping...
[22:11:27.131] 'postcss-extend-rule':: Entry for package 'postcss-extend-rule' does not exist in local types registry - skipping...
[22:11:27.132] 'postcss-focus-visible':: Entry for package 'postcss-focus-visible' does not exist in local types registry - skipping...
[22:11:27.132] 'postcss-focus-within':: Entry for package 'postcss-focus-within' does not exist in local types registry - skipping...
[22:11:27.132] 'postcss-font-variant':: Entry for package 'postcss-font-variant' does not exist in local types registry - skipping...
[22:11:27.132] 'postcss-gap-properties':: Entry for package 'postcss-gap-properties' does not exist in local types registry - skipping...
[22:11:27.132] 'postcss-image-set-function':: Entry for package 'postcss-image-set-function' does not exist in local types registry - skipping...
[22:11:27.132] 'postcss-import':: Entry for package 'postcss-import' does not exist in local types registry - skipping...
[22:11:27.132] 'css-blank-pseudo':: Entry for package 'css-blank-pseudo' does not exist in local types registry - skipping...
[22:11:27.133] 'postcss-initial':: Entry for package 'postcss-initial' does not exist in local types registry - skipping...
[22:11:27.133] 'postcss-js':: Entry for package 'postcss-js' does not exist in local types registry - skipping...
[22:11:27.133] 'postcss-lab-function':: Entry for package 'postcss-lab-function' does not exist in local types registry - skipping...
[22:11:27.133] 'postcss-logical':: Entry for package 'postcss-logical' does not exist in local types registry - skipping...
[22:11:27.133] 'postcss-media-minmax':: Entry for package 'postcss-media-minmax' does not exist in local types registry - skipping...
[22:11:27.133] 'postcss-message-helpers':: Entry for package 'postcss-message-helpers' does not exist in local types registry - skipping...
[22:11:27.133] 'postcss-mixins':: Entry for package 'postcss-mixins' does not exist in local types registry - skipping...
[22:11:27.133] 'postcss-nesting':: Entry for package 'postcss-nesting' does not exist in local types registry - skipping...
[22:11:27.134] 'postcss-overflow-shorthand':: Entry for package 'postcss-overflow-shorthand' does not exist in local types registry - skipping...
[22:11:27.134] 'postcss-page-break':: Entry for package 'postcss-page-break' does not exist in local types registry - skipping...
[22:11:27.134] 'css-has-pseudo':: Entry for package 'css-has-pseudo' does not exist in local types registry - skipping...
[22:11:27.134] 'postcss-place':: Entry for package 'postcss-place' does not exist in local types registry - skipping...
[22:11:27.134] 'postcss-preset-env':: Entry for package 'postcss-preset-env' does not exist in local types registry - skipping...
[22:11:27.134] 'postcss-property-lookup':: Entry for package 'postcss-property-lookup' does not exist in local types registry - skipping...
[22:11:27.134] 'postcss-pseudo-class-any-link':: Entry for package 'postcss-pseudo-class-any-link' does not exist in local types registry - skipping...
[22:11:27.135] 'postcss-replace-overflow-wrap':: Entry for package 'postcss-replace-overflow-wrap' does not exist in local types registry - skipping...
[22:11:27.135] 'postcss-selector-matches':: Entry for package 'postcss-selector-matches' does not exist in local types registry - skipping...
[22:11:27.135] 'postcss-selector-not':: Entry for package 'postcss-selector-not' does not exist in local types registry - skipping...
[22:11:27.135] 'postcss-value-parser':: Entry for package 'postcss-value-parser' does not exist in local types registry - skipping...
[22:11:27.135] 'precss':: Entry for package 'precss' does not exist in local types registry - skipping...
[22:11:27.135] 'read-cache':: Entry for package 'read-cache' does not exist in local types registry - skipping...
[22:11:27.135] 'css-prefers-color-scheme':: Entry for package 'css-prefers-color-scheme' does not exist in local types registry - skipping...
[22:11:27.136] 'sugarss':: Entry for package 'sugarss' does not exist in local types registry - skipping...
[22:11:27.136] 'cssdb':: Entry for package 'cssdb' does not exist in local types registry - skipping...
[22:11:27.136] 'globby':: Entry for package 'globby' does not exist in local types registry - skipping...
[22:11:27.136] 'postcss-advanced-variables':: Entry for package 'postcss-advanced-variables' does not exist in local types registry - skipping...
[22:11:27.136] 'postcss-atroot':: Entry for package 'postcss-atroot' does not exist in local types registry - skipping...
[22:11:27.136] All typings are known to be missing or invalid - no need to install more typings
[22:11:27.136] Sending response:
    {"projectName":"/dev/null/inferredProject1*","typeAcquisition":{"enable":true,"include":[],"exclude":[]},"compilerOptions":{"target":1,"jsx":1,"allowNonTsExtensions":true,"allowJs":true,"noEmitForJsFiles":true,"maxNodeModuleJsDepth":2},"typings":[],"unresolvedImports":["","@csstools/sass-import-resolve","array-union","css-blank-pseudo","css-has-pseudo","css-prefers-color-scheme","cssdb","globby","postcss-advanced-variables","postcss-atroot","postcss-attribute-case-insensitive","postcss-color-functional-notation","postcss-color-gray","postcss-color-hex-alpha","postcss-color-mix","postcss-color-mod-function","postcss-color-rebeccapurple","postcss-custom-media","postcss-custom-properties","postcss-custom-selectors","postcss-dir-pseudo-class","postcss-double-position-gradients","postcss-env-function","postcss-extend-rule","postcss-focus-visible","postcss-focus-within","postcss-font-variant","postcss-gap-properties","postcss-image-set-function","postcss-import","postcss-initial","postcss-js","postcss-lab-function","postcss-logical","postcss-media-minmax","postcss-message-helpers","postcss-mixins","postcss-nesting","postcss-overflow-shorthand","postcss-page-break","postcss-place","postcss-preset-env","postcss-property-lookup","postcss-pseudo-class-any-link","postcss-replace-overflow-wrap","postcss-selector-matches","postcss-selector-not","postcss-value-parser","precss","read-cache","sugarss"],"kind":"action::set"}
[22:11:27.137] Response has been sent.
[22:11:27.954] Got install request {"projectName":"/dev/null/inferredProject1*","fileNames":["/home/mik/webDev/beepboop_site/node_modules/typescript/lib/lib.d.ts","/home/mik/webDev/beepboop_site/node_modules/typescript/lib/lib.es5.d.ts","/home/mik/webDev/beepboop_site/node_modules/typescript/lib/lib.dom.d.ts","/home/mik/webDev/beepboop_site/node_modules/typescript/lib/lib.webworker.importscripts.d.ts","/home/mik/webDev/beepboop_site/node_modules/typescript/lib/lib.scripthost.d.ts","/home/mik/webDev/beepboop_site/src/site/css/styles.11ty.js"],"compilerOptions":{"target":1,"jsx":1,"allowNonTsExtensions":true,"allowJs":true,"noEmitForJsFiles":true,"maxNodeModuleJsDepth":2},"typeAcquisition":{"enable":true,"include":[],"exclude":[]},"unresolvedImports":["@csstools/sass-import-resolve","array-union","css-blank-pseudo","css-has-pseudo","css-prefers-color-scheme","cssdb","globby","lo","postcss-advanced-variables","postcss-atroot","postcss-attribute-case-insensitive","postcss-color-functional-notation","postcss-color-gray","postcss-color-hex-alpha","postcss-color-mix","postcss-color-mod-function","postcss-color-rebeccapurple","postcss-custom-media","postcss-custom-properties","postcss-custom-selectors","postcss-dir-pseudo-class","postcss-double-position-gradients","postcss-env-function","postcss-extend-rule","postcss-focus-visible","postcss-focus-within","postcss-font-variant","postcss-gap-properties","postcss-image-set-function","postcss-import","postcss-initial","postcss-js","postcss-lab-function","postcss-logical","postcss-media-minmax","postcss-message-helpers","postcss-mixins","postcss-nesting","postcss-overflow-shorthand","postcss-page-break","postcss-place","postcss-preset-env","postcss-property-lookup","postcss-pseudo-class-any-link","postcss-replace-overflow-wrap","postcss-selector-matches","postcss-selector-not","postcss-value-parser","precss","read-cache","sugarss"],"projectRootPath":"/home/mik/webDev/beepboop_site/src/site/css","kind":"discover"}
[22:11:27.954] Explicitly included types: []
[22:11:27.954] Inferred typings from unresolved imports: ["@csstools/sass-import-resolve","array-union","postcss-attribute-case-insensitive","postcss-color-functional-notation","postcss-color-gray","postcss-color-hex-alpha","postcss-color-mix","postcss-color-mod-function","postcss-color-rebeccapurple","postcss-custom-media","postcss-custom-properties","postcss-custom-selectors","css-blank-pseudo","postcss-dir-pseudo-class","postcss-double-position-gradients","postcss-env-function","postcss-extend-rule","postcss-focus-visible","postcss-focus-within","postcss-font-variant","postcss-gap-properties","postcss-image-set-function","postcss-import","css-has-pseudo","postcss-initial","postcss-js","postcss-lab-function","postcss-logical","postcss-media-minmax","postcss-message-helpers","postcss-mixins","postcss-nesting","postcss-overflow-shorthand","postcss-page-break","css-prefers-color-scheme","postcss-place","postcss-preset-env","postcss-property-lookup","postcss-pseudo-class-any-link","postcss-replace-overflow-wrap","postcss-selector-matches","postcss-selector-not","postcss-value-parser","precss","read-cache","cssdb","sugarss","globby","lo","postcss-advanced-variables","postcss-atroot"]
[22:11:27.955] Result: {"cachedTypingPaths":[],"newTypingNames":["@csstools/sass-import-resolve","array-union","postcss-attribute-case-insensitive","postcss-color-functional-notation","postcss-color-gray","postcss-color-hex-alpha","postcss-color-mix","postcss-color-mod-function","postcss-color-rebeccapurple","postcss-custom-media","postcss-custom-properties","postcss-custom-selectors","css-blank-pseudo","postcss-dir-pseudo-class","postcss-double-position-gradients","postcss-env-function","postcss-extend-rule","postcss-focus-visible","postcss-focus-within","postcss-font-variant","postcss-gap-properties","postcss-image-set-function","postcss-import","css-has-pseudo","postcss-initial","postcss-js","postcss-lab-function","postcss-logical","postcss-media-minmax","postcss-message-helpers","postcss-mixins","postcss-nesting","postcss-overflow-shorthand","postcss-page-break","css-prefers-color-scheme","postcss-place","postcss-preset-env","postcss-property-lookup","postcss-pseudo-class-any-link","postcss-replace-overflow-wrap","postcss-selector-matches","postcss-selector-not","postcss-value-parser","precss","read-cache","cssdb","sugarss","globby","lo","postcss-advanced-variables","postcss-atroot"],"filesToWatch":["/home/mik/webDev/beepboop_site/src/site/css/bower_components","/home/mik/webDev/beepboop_site/src/site/css/node_modules"]}
[22:11:27.955] Finished typings discovery: {"cachedTypingPaths":[],"newTypingNames":["@csstools/sass-import-resolve","array-union","postcss-attribute-case-insensitive","postcss-color-functional-notation","postcss-color-gray","postcss-color-hex-alpha","postcss-color-mix","postcss-color-mod-function","postcss-color-rebeccapurple","postcss-custom-media","postcss-custom-properties","postcss-custom-selectors","css-blank-pseudo","postcss-dir-pseudo-class","postcss-double-position-gradients","postcss-env-function","postcss-extend-rule","postcss-focus-visible","postcss-focus-within","postcss-font-variant","postcss-gap-properties","postcss-image-set-function","postcss-import","css-has-pseudo","postcss-initial","postcss-js","postcss-lab-function","postcss-logical","postcss-media-minmax","postcss-message-helpers","postcss-mixins","postcss-nesting","postcss-overflow-shorthand","postcss-page-break","css-prefers-color-scheme","postcss-place","postcss-preset-env","postcss-property-lookup","postcss-pseudo-class-any-link","postcss-replace-overflow-wrap","postcss-selector-matches","postcss-selector-not","postcss-value-parser","precss","read-cache","cssdb","sugarss","globby","lo","postcss-advanced-variables","postcss-atroot"],"filesToWatch":["/home/mik/webDev/beepboop_site/src/site/css/bower_components","/home/mik/webDev/beepboop_site/src/site/css/node_modules"]}
[22:11:27.955] Installing typings ["@csstools/sass-import-resolve","array-union","postcss-attribute-case-insensitive","postcss-color-functional-notation","postcss-color-gray","postcss-color-hex-alpha","postcss-color-mix","postcss-color-mod-function","postcss-color-rebeccapurple","postcss-custom-media","postcss-custom-properties","postcss-custom-selectors","css-blank-pseudo","postcss-dir-pseudo-class","postcss-double-position-gradients","postcss-env-function","postcss-extend-rule","postcss-focus-visible","postcss-focus-within","postcss-font-variant","postcss-gap-properties","postcss-image-set-function","postcss-import","css-has-pseudo","postcss-initial","postcss-js","postcss-lab-function","postcss-logical","postcss-media-minmax","postcss-message-helpers","postcss-mixins","postcss-nesting","postcss-overflow-shorthand","postcss-page-break","css-prefers-color-scheme","postcss-place","postcss-preset-env","postcss-property-lookup","postcss-pseudo-class-any-link","postcss-replace-overflow-wrap","postcss-selector-matches","postcss-selector-not","postcss-value-parser","precss","read-cache","cssdb","sugarss","globby","lo","postcss-advanced-variables","postcss-atroot"]
[22:11:27.955] '@csstools/sass-import-resolve':: Entry for package 'csstools__sass-import-resolve' does not exist in local types registry - skipping...
[22:11:27.955] 'array-union':: Entry for package 'array-union' does not exist in local types registry - skipping...
[22:11:27.955] 'postcss-attribute-case-insensitive':: Entry for package 'postcss-attribute-case-insensitive' does not exist in local types registry - skipping...
[22:11:27.955] 'postcss-color-functional-notation':: Entry for package 'postcss-color-functional-notation' does not exist in local types registry - skipping...
[22:11:27.955] 'postcss-color-gray':: Entry for package 'postcss-color-gray' does not exist in local types registry - skipping...
[22:11:27.955] 'postcss-color-hex-alpha':: Entry for package 'postcss-color-hex-alpha' does not exist in local types registry - skipping...
[22:11:27.955] 'postcss-color-mix':: Entry for package 'postcss-color-mix' does not exist in local types registry - skipping...
[22:11:27.955] 'postcss-color-mod-function':: Entry for package 'postcss-color-mod-function' does not exist in local types registry - skipping...
[22:11:27.955] 'postcss-color-rebeccapurple':: Entry for package 'postcss-color-rebeccapurple' does not exist in local types registry - skipping...
[22:11:27.955] 'postcss-custom-media':: Entry for package 'postcss-custom-media' does not exist in local types registry - skipping...
[22:11:27.956] 'postcss-custom-properties':: Entry for package 'postcss-custom-properties' does not exist in local types registry - skipping...
[22:11:27.956] 'postcss-custom-selectors':: Entry for package 'postcss-custom-selectors' does not exist in local types registry - skipping...
[22:11:27.956] 'css-blank-pseudo':: Entry for package 'css-blank-pseudo' does not exist in local types registry - skipping...
[22:11:27.956] 'postcss-dir-pseudo-class':: Entry for package 'postcss-dir-pseudo-class' does not exist in local types registry - skipping...
[22:11:27.956] 'postcss-double-position-gradients':: Entry for package 'postcss-double-position-gradients' does not exist in local types registry - skipping...
[22:11:27.956] 'postcss-env-function':: Entry for package 'postcss-env-function' does not exist in local types registry - skipping...
[22:11:27.956] 'postcss-extend-rule':: Entry for package 'postcss-extend-rule' does not exist in local types registry - skipping...
[22:11:27.956] 'postcss-focus-visible':: Entry for package 'postcss-focus-visible' does not exist in local types registry - skipping...
[22:11:27.956] 'postcss-focus-within':: Entry for package 'postcss-focus-within' does not exist in local types registry - skipping...
[22:11:27.956] 'postcss-font-variant':: Entry for package 'postcss-font-variant' does not exist in local types registry - skipping...
[22:11:27.956] 'postcss-gap-properties':: Entry for package 'postcss-gap-properties' does not exist in local types registry - skipping...
[22:11:27.956] 'postcss-image-set-function':: Entry for package 'postcss-image-set-function' does not exist in local types registry - skipping...
[22:11:27.956] 'postcss-import':: Entry for package 'postcss-import' does not exist in local types registry - skipping...
[22:11:27.956] 'css-has-pseudo':: Entry for package 'css-has-pseudo' does not exist in local types registry - skipping...
[22:11:27.956] 'postcss-initial':: Entry for package 'postcss-initial' does not exist in local types registry - skipping...
[22:11:27.956] 'postcss-js':: Entry for package 'postcss-js' does not exist in local types registry - skipping...
[22:11:27.956] 'postcss-lab-function':: Entry for package 'postcss-lab-function' does not exist in local types registry - skipping...
[22:11:27.956] 'postcss-logical':: Entry for package 'postcss-logical' does not exist in local types registry - skipping...
[22:11:27.956] 'postcss-media-minmax':: Entry for package 'postcss-media-minmax' does not exist in local types registry - skipping...
[22:11:27.956] 'postcss-message-helpers':: Entry for package 'postcss-message-helpers' does not exist in local types registry - skipping...
[22:11:27.956] 'postcss-mixins':: Entry for package 'postcss-mixins' does not exist in local types registry - skipping...
[22:11:27.956] 'postcss-nesting':: Entry for package 'postcss-nesting' does not exist in local types registry - skipping...
[22:11:27.957] 'postcss-overflow-shorthand':: Entry for package 'postcss-overflow-shorthand' does not exist in local types registry - skipping...
[22:11:27.957] 'postcss-page-break':: Entry for package 'postcss-page-break' does not exist in local types registry - skipping...
[22:11:27.957] 'css-prefers-color-scheme':: Entry for package 'css-prefers-color-scheme' does not exist in local types registry - skipping...
[22:11:27.957] 'postcss-place':: Entry for package 'postcss-place' does not exist in local types registry - skipping...
[22:11:27.957] 'postcss-preset-env':: Entry for package 'postcss-preset-env' does not exist in local types registry - skipping...
[22:11:27.957] 'postcss-property-lookup':: Entry for package 'postcss-property-lookup' does not exist in local types registry - skipping...
[22:11:27.957] 'postcss-pseudo-class-any-link':: Entry for package 'postcss-pseudo-class-any-link' does not exist in local types registry - skipping...
[22:11:27.957] 'postcss-replace-overflow-wrap':: Entry for package 'postcss-replace-overflow-wrap' does not exist in local types registry - skipping...
[22:11:27.957] 'postcss-selector-matches':: Entry for package 'postcss-selector-matches' does not exist in local types registry - skipping...
[22:11:27.957] 'postcss-selector-not':: Entry for package 'postcss-selector-not' does not exist in local types registry - skipping...
[22:11:27.957] 'postcss-value-parser':: Entry for package 'postcss-value-parser' does not exist in local types registry - skipping...
[22:11:27.957] 'precss':: Entry for package 'precss' does not exist in local types registry - skipping...
[22:11:27.957] 'read-cache':: Entry for package 'read-cache' does not exist in local types registry - skipping...
[22:11:27.957] 'cssdb':: Entry for package 'cssdb' does not exist in local types registry - skipping...
[22:11:27.957] 'sugarss':: Entry for package 'sugarss' does not exist in local types registry - skipping...
[22:11:27.957] 'globby':: Entry for package 'globby' does not exist in local types registry - skipping...
[22:11:27.957] 'lo':: Entry for package 'lo' does not exist in local types registry - skipping...
[22:11:27.957] 'postcss-advanced-variables':: Entry for package 'postcss-advanced-variables' does not exist in local types registry - skipping...
[22:11:27.957] 'postcss-atroot':: Entry for package 'postcss-atroot' does not exist in local types registry - skipping...
[22:11:27.957] All typings are known to be missing or invalid - no need to install more typings
[22:11:27.957] Sending response:
    {"projectName":"/dev/null/inferredProject1*","typeAcquisition":{"enable":true,"include":[],"exclude":[]},"compilerOptions":{"target":1,"jsx":1,"allowNonTsExtensions":true,"allowJs":true,"noEmitForJsFiles":true,"maxNodeModuleJsDepth":2},"typings":[],"unresolvedImports":["@csstools/sass-import-resolve","array-union","css-blank-pseudo","css-has-pseudo","css-prefers-color-scheme","cssdb","globby","lo","postcss-advanced-variables","postcss-atroot","postcss-attribute-case-insensitive","postcss-color-functional-notation","postcss-color-gray","postcss-color-hex-alpha","postcss-color-mix","postcss-color-mod-function","postcss-color-rebeccapurple","postcss-custom-media","postcss-custom-properties","postcss-custom-selectors","postcss-dir-pseudo-class","postcss-double-position-gradients","postcss-env-function","postcss-extend-rule","postcss-focus-visible","postcss-focus-within","postcss-font-variant","postcss-gap-properties","postcss-image-set-function","postcss-import","postcss-initial","postcss-js","postcss-lab-function","postcss-logical","postcss-media-minmax","postcss-message-helpers","postcss-mixins","postcss-nesting","postcss-overflow-shorthand","postcss-page-break","postcss-place","postcss-preset-env","postcss-property-lookup","postcss-pseudo-class-any-link","postcss-replace-overflow-wrap","postcss-selector-matches","postcss-selector-not","postcss-value-parser","precss","read-cache","sugarss"],"kind":"action::set"}
[22:11:27.958] Response has been sent.
[22:11:28.8] Got install request {"projectName":"/dev/null/inferredProject1*","fileNames":["/home/mik/webDev/beepboop_site/node_modules/typescript/lib/lib.d.ts","/home/mik/webDev/beepboop_site/node_modules/typescript/lib/lib.es5.d.ts","/home/mik/webDev/beepboop_site/node_modules/typescript/lib/lib.dom.d.ts","/home/mik/webDev/beepboop_site/node_modules/typescript/lib/lib.webworker.importscripts.d.ts","/home/mik/webDev/beepboop_site/node_modules/typescript/lib/lib.scripthost.d.ts","/home/mik/webDev/beepboop_site/src/site/css/styles.11ty.js"],"compilerOptions":{"target":1,"jsx":1,"allowNonTsExtensions":true,"allowJs":true,"noEmitForJsFiles":true,"maxNodeModuleJsDepth":2},"typeAcquisition":{"enable":true,"include":[],"exclude":[]},"unresolvedImports":["@csstools/sass-import-resolve","array-union","css-blank-pseudo","css-has-pseudo","css-prefers-color-scheme","cssdb","globby","los","postcss-advanced-variables","postcss-atroot","postcss-attribute-case-insensitive","postcss-color-functional-notation","postcss-color-gray","postcss-color-hex-alpha","postcss-color-mix","postcss-color-mod-function","postcss-color-rebeccapurple","postcss-custom-media","postcss-custom-properties","postcss-custom-selectors","postcss-dir-pseudo-class","postcss-double-position-gradients","postcss-env-function","postcss-extend-rule","postcss-focus-visible","postcss-focus-within","postcss-font-variant","postcss-gap-properties","postcss-image-set-function","postcss-import","postcss-initial","postcss-js","postcss-lab-function","postcss-logical","postcss-media-minmax","postcss-message-helpers","postcss-mixins","postcss-nesting","postcss-overflow-shorthand","postcss-page-break","postcss-place","postcss-preset-env","postcss-property-lookup","postcss-pseudo-class-any-link","postcss-replace-overflow-wrap","postcss-selector-matches","postcss-selector-not","postcss-value-parser","precss","read-cache","sugarss"],"projectRootPath":"/home/mik/webDev/beepboop_site/src/site/css","kind":"discover"}
[22:11:28.9] Explicitly included types: []
[22:11:28.11] Inferred typings from unresolved imports: ["@csstools/sass-import-resolve","array-union","postcss-attribute-case-insensitive","postcss-color-functional-notation","postcss-color-gray","postcss-color-hex-alpha","postcss-color-mix","postcss-color-mod-function","postcss-color-rebeccapurple","postcss-custom-media","postcss-custom-properties","postcss-custom-selectors","css-blank-pseudo","postcss-dir-pseudo-class","postcss-double-position-gradients","postcss-env-function","postcss-extend-rule","postcss-focus-visible","postcss-focus-within","postcss-font-variant","postcss-gap-properties","postcss-image-set-function","postcss-import","css-has-pseudo","postcss-initial","postcss-js","postcss-lab-function","postcss-logical","postcss-media-minmax","postcss-message-helpers","postcss-mixins","postcss-nesting","postcss-overflow-shorthand","postcss-page-break","css-prefers-color-scheme","postcss-place","postcss-preset-env","postcss-property-lookup","postcss-pseudo-class-any-link","postcss-replace-overflow-wrap","postcss-selector-matches","postcss-selector-not","postcss-value-parser","precss","read-cache","cssdb","sugarss","globby","los","postcss-advanced-variables","postcss-atroot"]
[22:11:28.12] Result: {"cachedTypingPaths":[],"newTypingNames":["@csstools/sass-import-resolve","array-union","postcss-attribute-case-insensitive","postcss-color-functional-notation","postcss-color-gray","postcss-color-hex-alpha","postcss-color-mix","postcss-color-mod-function","postcss-color-rebeccapurple","postcss-custom-media","postcss-custom-properties","postcss-custom-selectors","css-blank-pseudo","postcss-dir-pseudo-class","postcss-double-position-gradients","postcss-env-function","postcss-extend-rule","postcss-focus-visible","postcss-focus-within","postcss-font-variant","postcss-gap-properties","postcss-image-set-function","postcss-import","css-has-pseudo","postcss-initial","postcss-js","postcss-lab-function","postcss-logical","postcss-media-minmax","postcss-message-helpers","postcss-mixins","postcss-nesting","postcss-overflow-shorthand","postcss-page-break","css-prefers-color-scheme","postcss-place","postcss-preset-env","postcss-property-lookup","postcss-pseudo-class-any-link","postcss-replace-overflow-wrap","postcss-selector-matches","postcss-selector-not","postcss-value-parser","precss","read-cache","cssdb","sugarss","globby","los","postcss-advanced-variables","postcss-atroot"],"filesToWatch":["/home/mik/webDev/beepboop_site/src/site/css/bower_components","/home/mik/webDev/beepboop_site/src/site/css/node_modules"]}
[22:11:28.12] Finished typings discovery: {"cachedTypingPaths":[],"newTypingNames":["@csstools/sass-import-resolve","array-union","postcss-attribute-case-insensitive","postcss-color-functional-notation","postcss-color-gray","postcss-color-hex-alpha","postcss-color-mix","postcss-color-mod-function","postcss-color-rebeccapurple","postcss-custom-media","postcss-custom-properties","postcss-custom-selectors","css-blank-pseudo","postcss-dir-pseudo-class","postcss-double-position-gradients","postcss-env-function","postcss-extend-rule","postcss-focus-visible","postcss-focus-within","postcss-font-variant","postcss-gap-properties","postcss-image-set-function","postcss-import","css-has-pseudo","postcss-initial","postcss-js","postcss-lab-function","postcss-logical","postcss-media-minmax","postcss-message-helpers","postcss-mixins","postcss-nesting","postcss-overflow-shorthand","postcss-page-break","css-prefers-color-scheme","postcss-place","postcss-preset-env","postcss-property-lookup","postcss-pseudo-class-any-link","postcss-replace-overflow-wrap","postcss-selector-matches","postcss-selector-not","postcss-value-parser","precss","read-cache","cssdb","sugarss","globby","los","postcss-advanced-variables","postcss-atroot"],"filesToWatch":["/home/mik/webDev/beepboop_site/src/site/css/bower_components","/home/mik/webDev/beepboop_site/src/site/css/node_modules"]}
[22:11:28.13] Installing typings ["@csstools/sass-import-resolve","array-union","postcss-attribute-case-insensitive","postcss-color-functional-notation","postcss-color-gray","postcss-color-hex-alpha","postcss-color-mix","postcss-color-mod-function","postcss-color-rebeccapurple","postcss-custom-media","postcss-custom-properties","postcss-custom-selectors","css-blank-pseudo","postcss-dir-pseudo-class","postcss-double-position-gradients","postcss-env-function","postcss-extend-rule","postcss-focus-visible","postcss-focus-within","postcss-font-variant","postcss-gap-properties","postcss-image-set-function","postcss-import","css-has-pseudo","postcss-initial","postcss-js","postcss-lab-function","postcss-logical","postcss-media-minmax","postcss-message-helpers","postcss-mixins","postcss-nesting","postcss-overflow-shorthand","postcss-page-break","css-prefers-color-scheme","postcss-place","postcss-preset-env","postcss-property-lookup","postcss-pseudo-class-any-link","postcss-replace-overflow-wrap","postcss-selector-matches","postcss-selector-not","postcss-value-parser","precss","read-cache","cssdb","sugarss","globby","los","postcss-advanced-variables","postcss-atroot"]
[22:11:28.14] '@csstools/sass-import-resolve':: Entry for package 'csstools__sass-import-resolve' does not exist in local types registry - skipping...
[22:11:28.14] 'array-union':: Entry for package 'array-union' does not exist in local types registry - skipping...
[22:11:28.14] 'postcss-attribute-case-insensitive':: Entry for package 'postcss-attribute-case-insensitive' does not exist in local types registry - skipping...
[22:11:28.14] 'postcss-color-functional-notation':: Entry for package 'postcss-color-functional-notation' does not exist in local types registry - skipping...
[22:11:28.14] 'postcss-color-gray':: Entry for package 'postcss-color-gray' does not exist in local types registry - skipping...
[22:11:28.14] 'postcss-color-hex-alpha':: Entry for package 'postcss-color-hex-alpha' does not exist in local types registry - skipping...
[22:11:28.15] 'postcss-color-mix':: Entry for package 'postcss-color-mix' does not exist in local types registry - skipping...
[22:11:28.15] 'postcss-color-mod-function':: Entry for package 'postcss-color-mod-function' does not exist in local types registry - skipping...
[22:11:28.15] 'postcss-color-rebeccapurple':: Entry for package 'postcss-color-rebeccapurple' does not exist in local types registry - skipping...
[22:11:28.16] 'postcss-custom-media':: Entry for package 'postcss-custom-media' does not exist in local types registry - skipping...
[22:11:28.16] 'postcss-custom-properties':: Entry for package 'postcss-custom-properties' does not exist in local types registry - skipping...
[22:11:28.16] 'postcss-custom-selectors':: Entry for package 'postcss-custom-selectors' does not exist in local types registry - skipping...
[22:11:28.16] 'css-blank-pseudo':: Entry for package 'css-blank-pseudo' does not exist in local types registry - skipping...
[22:11:28.16] 'postcss-dir-pseudo-class':: Entry for package 'postcss-dir-pseudo-class' does not exist in local types registry - skipping...
[22:11:28.16] 'postcss-double-position-gradients':: Entry for package 'postcss-double-position-gradients' does not exist in local types registry - skipping...
[22:11:28.16] 'postcss-env-function':: Entry for package 'postcss-env-function' does not exist in local types registry - skipping...
[22:11:28.16] 'postcss-extend-rule':: Entry for package 'postcss-extend-rule' does not exist in local types registry - skipping...
[22:11:28.17] 'postcss-focus-visible':: Entry for package 'postcss-focus-visible' does not exist in local types registry - skipping...
[22:11:28.17] 'postcss-focus-within':: Entry for package 'postcss-focus-within' does not exist in local types registry - skipping...
[22:11:28.17] 'postcss-font-variant':: Entry for package 'postcss-font-variant' does not exist in local types registry - skipping...
[22:11:28.17] 'postcss-gap-properties':: Entry for package 'postcss-gap-properties' does not exist in local types registry - skipping...
[22:11:28.17] 'postcss-image-set-function':: Entry for package 'postcss-image-set-function' does not exist in local types registry - skipping...
[22:11:28.17] 'postcss-import':: Entry for package 'postcss-import' does not exist in local types registry - skipping...
[22:11:28.17] 'css-has-pseudo':: Entry for package 'css-has-pseudo' does not exist in local types registry - skipping...
[22:11:28.17] 'postcss-initial':: Entry for package 'postcss-initial' does not exist in local types registry - skipping...
[22:11:28.17] 'postcss-js':: Entry for package 'postcss-js' does not exist in local types registry - skipping...
[22:11:28.18] 'postcss-lab-function':: Entry for package 'postcss-lab-function' does not exist in local types registry - skipping...
[22:11:28.18] 'postcss-logical':: Entry for package 'postcss-logical' does not exist in local types registry - skipping...
[22:11:28.18] 'postcss-media-minmax':: Entry for package 'postcss-media-minmax' does not exist in local types registry - skipping...
[22:11:28.18] 'postcss-message-helpers':: Entry for package 'postcss-message-helpers' does not exist in local types registry - skipping...
[22:11:28.18] 'postcss-mixins':: Entry for package 'postcss-mixins' does not exist in local types registry - skipping...
[22:11:28.18] 'postcss-nesting':: Entry for package 'postcss-nesting' does not exist in local types registry - skipping...
[22:11:28.18] 'postcss-overflow-shorthand':: Entry for package 'postcss-overflow-shorthand' does not exist in local types registry - skipping...
[22:11:28.18] 'postcss-page-break':: Entry for package 'postcss-page-break' does not exist in local types registry - skipping...
[22:11:28.19] 'css-prefers-color-scheme':: Entry for package 'css-prefers-color-scheme' does not exist in local types registry - skipping...
[22:11:28.19] 'postcss-place':: Entry for package 'postcss-place' does not exist in local types registry - skipping...
[22:11:28.19] 'postcss-preset-env':: Entry for package 'postcss-preset-env' does not exist in local types registry - skipping...
[22:11:28.19] 'postcss-property-lookup':: Entry for package 'postcss-property-lookup' does not exist in local types registry - skipping...
[22:11:28.19] 'postcss-pseudo-class-any-link':: Entry for package 'postcss-pseudo-class-any-link' does not exist in local types registry - skipping...
[22:11:28.19] 'postcss-replace-overflow-wrap':: Entry for package 'postcss-replace-overflow-wrap' does not exist in local types registry - skipping...
[22:11:28.19] 'postcss-selector-matches':: Entry for package 'postcss-selector-matches' does not exist in local types registry - skipping...
[22:11:28.19] 'postcss-selector-not':: Entry for package 'postcss-selector-not' does not exist in local types registry - skipping...
[22:11:28.19] 'postcss-value-parser':: Entry for package 'postcss-value-parser' does not exist in local types registry - skipping...
[22:11:28.19] 'precss':: Entry for package 'precss' does not exist in local types registry - skipping...
[22:11:28.20] 'read-cache':: Entry for package 'read-cache' does not exist in local types registry - skipping...
[22:11:28.20] 'cssdb':: Entry for package 'cssdb' does not exist in local types registry - skipping...
[22:11:28.20] 'sugarss':: Entry for package 'sugarss' does not exist in local types registry - skipping...
[22:11:28.20] 'globby':: Entry for package 'globby' does not exist in local types registry - skipping...
[22:11:28.20] 'los':: Entry for package 'los' does not exist in local types registry - skipping...
[22:11:28.20] 'postcss-advanced-variables':: Entry for package 'postcss-advanced-variables' does not exist in local types registry - skipping...
[22:11:28.20] 'postcss-atroot':: Entry for package 'postcss-atroot' does not exist in local types registry - skipping...
[22:11:28.20] All typings are known to be missing or invalid - no need to install more typings
[22:11:28.21] Sending response:
    {"projectName":"/dev/null/inferredProject1*","typeAcquisition":{"enable":true,"include":[],"exclude":[]},"compilerOptions":{"target":1,"jsx":1,"allowNonTsExtensions":true,"allowJs":true,"noEmitForJsFiles":true,"maxNodeModuleJsDepth":2},"typings":[],"unresolvedImports":["@csstools/sass-import-resolve","array-union","css-blank-pseudo","css-has-pseudo","css-prefers-color-scheme","cssdb","globby","los","postcss-advanced-variables","postcss-atroot","postcss-attribute-case-insensitive","postcss-color-functional-notation","postcss-color-gray","postcss-color-hex-alpha","postcss-color-mix","postcss-color-mod-function","postcss-color-rebeccapurple","postcss-custom-media","postcss-custom-properties","postcss-custom-selectors","postcss-dir-pseudo-class","postcss-double-position-gradients","postcss-env-function","postcss-extend-rule","postcss-focus-visible","postcss-focus-within","postcss-font-variant","postcss-gap-properties","postcss-image-set-function","postcss-import","postcss-initial","postcss-js","postcss-lab-function","postcss-logical","postcss-media-minmax","postcss-message-helpers","postcss-mixins","postcss-nesting","postcss-overflow-shorthand","postcss-page-break","postcss-place","postcss-preset-env","postcss-property-lookup","postcss-pseudo-class-any-link","postcss-replace-overflow-wrap","postcss-selector-matches","postcss-selector-not","postcss-value-parser","precss","read-cache","sugarss"],"kind":"action::set"}
[22:11:28.21] Response has been sent.
[22:11:28.858] Got install request {"projectName":"/dev/null/inferredProject1*","fileNames":["/home/mik/webDev/beepboop_site/node_modules/typescript/lib/lib.d.ts","/home/mik/webDev/beepboop_site/node_modules/typescript/lib/lib.es5.d.ts","/home/mik/webDev/beepboop_site/node_modules/typescript/lib/lib.dom.d.ts","/home/mik/webDev/beepboop_site/node_modules/typescript/lib/lib.webworker.importscripts.d.ts","/home/mik/webDev/beepboop_site/node_modules/typescript/lib/lib.scripthost.d.ts","/home/mik/webDev/beepboop_site/src/site/css/styles.11ty.js"],"compilerOptions":{"target":1,"jsx":1,"allowNonTsExtensions":true,"allowJs":true,"noEmitForJsFiles":true,"maxNodeModuleJsDepth":2},"typeAcquisition":{"enable":true,"include":[],"exclude":[]},"unresolvedImports":["@csstools/sass-import-resolve","array-union","css-blank-pseudo","css-has-pseudo","css-prefers-color-scheme","cssdb","globby","lost","postcss-advanced-variables","postcss-atroot","postcss-attribute-case-insensitive","postcss-color-functional-notation","postcss-color-gray","postcss-color-hex-alpha","postcss-color-mix","postcss-color-mod-function","postcss-color-rebeccapurple","postcss-custom-media","postcss-custom-properties","postcss-custom-selectors","postcss-dir-pseudo-class","postcss-double-position-gradients","postcss-env-function","postcss-extend-rule","postcss-focus-visible","postcss-focus-within","postcss-font-variant","postcss-gap-properties","postcss-image-set-function","postcss-import","postcss-initial","postcss-js","postcss-lab-function","postcss-logical","postcss-media-minmax","postcss-message-helpers","postcss-mixins","postcss-nesting","postcss-overflow-shorthand","postcss-page-break","postcss-place","postcss-preset-env","postcss-property-lookup","postcss-pseudo-class-any-link","postcss-replace-overflow-wrap","postcss-selector-matches","postcss-selector-not","postcss-value-parser","precss","read-cache","sugarss"],"projectRootPath":"/home/mik/webDev/beepboop_site/src/site/css","kind":"discover"}
[22:11:28.859] Explicitly included types: []
[22:11:28.863] Inferred typings from unresolved imports: ["@csstools/sass-import-resolve","array-union","postcss-attribute-case-insensitive","postcss-color-functional-notation","postcss-color-gray","postcss-color-hex-alpha","postcss-color-mix","postcss-color-mod-function","postcss-color-rebeccapurple","postcss-custom-media","postcss-custom-properties","postcss-custom-selectors","css-blank-pseudo","postcss-dir-pseudo-class","postcss-double-position-gradients","postcss-env-function","postcss-extend-rule","postcss-focus-visible","postcss-focus-within","postcss-font-variant","postcss-gap-properties","postcss-image-set-function","postcss-import","css-has-pseudo","postcss-initial","postcss-js","postcss-lab-function","postcss-logical","postcss-media-minmax","postcss-message-helpers","postcss-mixins","postcss-nesting","postcss-overflow-shorthand","postcss-page-break","css-prefers-color-scheme","postcss-place","postcss-preset-env","postcss-property-lookup","postcss-pseudo-class-any-link","postcss-replace-overflow-wrap","postcss-selector-matches","postcss-selector-not","postcss-value-parser","precss","read-cache","cssdb","sugarss","globby","lost","postcss-advanced-variables","postcss-atroot"]
[22:11:28.864] Result: {"cachedTypingPaths":[],"newTypingNames":["@csstools/sass-import-resolve","array-union","postcss-attribute-case-insensitive","postcss-color-functional-notation","postcss-color-gray","postcss-color-hex-alpha","postcss-color-mix","postcss-color-mod-function","postcss-color-rebeccapurple","postcss-custom-media","postcss-custom-properties","postcss-custom-selectors","css-blank-pseudo","postcss-dir-pseudo-class","postcss-double-position-gradients","postcss-env-function","postcss-extend-rule","postcss-focus-visible","postcss-focus-within","postcss-font-variant","postcss-gap-properties","postcss-image-set-function","postcss-import","css-has-pseudo","postcss-initial","postcss-js","postcss-lab-function","postcss-logical","postcss-media-minmax","postcss-message-helpers","postcss-mixins","postcss-nesting","postcss-overflow-shorthand","postcss-page-break","css-prefers-color-scheme","postcss-place","postcss-preset-env","postcss-property-lookup","postcss-pseudo-class-any-link","postcss-replace-overflow-wrap","postcss-selector-matches","postcss-selector-not","postcss-value-parser","precss","read-cache","cssdb","sugarss","globby","lost","postcss-advanced-variables","postcss-atroot"],"filesToWatch":["/home/mik/webDev/beepboop_site/src/site/css/bower_components","/home/mik/webDev/beepboop_site/src/site/css/node_modules"]}
[22:11:28.865] Finished typings discovery: {"cachedTypingPaths":[],"newTypingNames":["@csstools/sass-import-resolve","array-union","postcss-attribute-case-insensitive","postcss-color-functional-notation","postcss-color-gray","postcss-color-hex-alpha","postcss-color-mix","postcss-color-mod-function","postcss-color-rebeccapurple","postcss-custom-media","postcss-custom-properties","postcss-custom-selectors","css-blank-pseudo","postcss-dir-pseudo-class","postcss-double-position-gradients","postcss-env-function","postcss-extend-rule","postcss-focus-visible","postcss-focus-within","postcss-font-variant","postcss-gap-properties","postcss-image-set-function","postcss-import","css-has-pseudo","postcss-initial","postcss-js","postcss-lab-function","postcss-logical","postcss-media-minmax","postcss-message-helpers","postcss-mixins","postcss-nesting","postcss-overflow-shorthand","postcss-page-break","css-prefers-color-scheme","postcss-place","postcss-preset-env","postcss-property-lookup","postcss-pseudo-class-any-link","postcss-replace-overflow-wrap","postcss-selector-matches","postcss-selector-not","postcss-value-parser","precss","read-cache","cssdb","sugarss","globby","lost","postcss-advanced-variables","postcss-atroot"],"filesToWatch":["/home/mik/webDev/beepboop_site/src/site/css/bower_components","/home/mik/webDev/beepboop_site/src/site/css/node_modules"]}
[22:11:28.866] Installing typings ["@csstools/sass-import-resolve","array-union","postcss-attribute-case-insensitive","postcss-color-functional-notation","postcss-color-gray","postcss-color-hex-alpha","postcss-color-mix","postcss-color-mod-function","postcss-color-rebeccapurple","postcss-custom-media","postcss-custom-properties","postcss-custom-selectors","css-blank-pseudo","postcss-dir-pseudo-class","postcss-double-position-gradients","postcss-env-function","postcss-extend-rule","postcss-focus-visible","postcss-focus-within","postcss-font-variant","postcss-gap-properties","postcss-image-set-function","postcss-import","css-has-pseudo","postcss-initial","postcss-js","postcss-lab-function","postcss-logical","postcss-media-minmax","postcss-message-helpers","postcss-mixins","postcss-nesting","postcss-overflow-shorthand","postcss-page-break","css-prefers-color-scheme","postcss-place","postcss-preset-env","postcss-property-lookup","postcss-pseudo-class-any-link","postcss-replace-overflow-wrap","postcss-selector-matches","postcss-selector-not","postcss-value-parser","precss","read-cache","cssdb","sugarss","globby","lost","postcss-advanced-variables","postcss-atroot"]
[22:11:28.866] '@csstools/sass-import-resolve':: Entry for package 'csstools__sass-import-resolve' does not exist in local types registry - skipping...
[22:11:28.866] 'array-union':: Entry for package 'array-union' does not exist in local types registry - skipping...
[22:11:28.866] 'postcss-attribute-case-insensitive':: Entry for package 'postcss-attribute-case-insensitive' does not exist in local types registry - skipping...
[22:11:28.867] 'postcss-color-functional-notation':: Entry for package 'postcss-color-functional-notation' does not exist in local types registry - skipping...
[22:11:28.867] 'postcss-color-gray':: Entry for package 'postcss-color-gray' does not exist in local types registry - skipping...
[22:11:28.867] 'postcss-color-hex-alpha':: Entry for package 'postcss-color-hex-alpha' does not exist in local types registry - skipping...
[22:11:28.867] 'postcss-color-mix':: Entry for package 'postcss-color-mix' does not exist in local types registry - skipping...
[22:11:28.868] 'postcss-color-mod-function':: Entry for package 'postcss-color-mod-function' does not exist in local types registry - skipping...
[22:11:28.868] 'postcss-color-rebeccapurple':: Entry for package 'postcss-color-rebeccapurple' does not exist in local types registry - skipping...
[22:11:28.868] 'postcss-custom-media':: Entry for package 'postcss-custom-media' does not exist in local types registry - skipping...
[22:11:28.868] 'postcss-custom-properties':: Entry for package 'postcss-custom-properties' does not exist in local types registry - skipping...
[22:11:28.869] 'postcss-custom-selectors':: Entry for package 'postcss-custom-selectors' does not exist in local types registry - skipping...
[22:11:28.869] 'css-blank-pseudo':: Entry for package 'css-blank-pseudo' does not exist in local types registry - skipping...
[22:11:28.869] 'postcss-dir-pseudo-class':: Entry for package 'postcss-dir-pseudo-class' does not exist in local types registry - skipping...
[22:11:28.869] 'postcss-double-position-gradients':: Entry for package 'postcss-double-position-gradients' does not exist in local types registry - skipping...
[22:11:28.869] 'postcss-env-function':: Entry for package 'postcss-env-function' does not exist in local types registry - skipping...
[22:11:28.870] 'postcss-extend-rule':: Entry for package 'postcss-extend-rule' does not exist in local types registry - skipping...
[22:11:28.870] 'postcss-focus-visible':: Entry for package 'postcss-focus-visible' does not exist in local types registry - skipping...
[22:11:28.870] 'postcss-focus-within':: Entry for package 'postcss-focus-within' does not exist in local types registry - skipping...
[22:11:28.870] 'postcss-font-variant':: Entry for package 'postcss-font-variant' does not exist in local types registry - skipping...
[22:11:28.870] 'postcss-gap-properties':: Entry for package 'postcss-gap-properties' does not exist in local types registry - skipping...
[22:11:28.871] 'postcss-image-set-function':: Entry for package 'postcss-image-set-function' does not exist in local types registry - skipping...
[22:11:28.871] 'postcss-import':: Entry for package 'postcss-import' does not exist in local types registry - skipping...
[22:11:28.871] 'css-has-pseudo':: Entry for package 'css-has-pseudo' does not exist in local types registry - skipping...
[22:11:28.871] 'postcss-initial':: Entry for package 'postcss-initial' does not exist in local types registry - skipping...
[22:11:28.872] 'postcss-js':: Entry for package 'postcss-js' does not exist in local types registry - skipping...
[22:11:28.872] 'postcss-lab-function':: Entry for package 'postcss-lab-function' does not exist in local types registry - skipping...
[22:11:28.872] 'postcss-logical':: Entry for package 'postcss-logical' does not exist in local types registry - skipping...
[22:11:28.873] 'postcss-media-minmax':: Entry for package 'postcss-media-minmax' does not exist in local types registry - skipping...
[22:11:28.873] 'postcss-message-helpers':: Entry for package 'postcss-message-helpers' does not exist in local types registry - skipping...
[22:11:28.873] 'postcss-mixins':: Entry for package 'postcss-mixins' does not exist in local types registry - skipping...
[22:11:28.873] 'postcss-nesting':: Entry for package 'postcss-nesting' does not exist in local types registry - skipping...
[22:11:28.874] 'postcss-overflow-shorthand':: Entry for package 'postcss-overflow-shorthand' does not exist in local types registry - skipping...
[22:11:28.874] 'postcss-page-break':: Entry for package 'postcss-page-break' does not exist in local types registry - skipping...
[22:11:28.874] 'css-prefers-color-scheme':: Entry for package 'css-prefers-color-scheme' does not exist in local types registry - skipping...
[22:11:28.875] 'postcss-place':: Entry for package 'postcss-place' does not exist in local types registry - skipping...
[22:11:28.875] 'postcss-preset-env':: Entry for package 'postcss-preset-env' does not exist in local types registry - skipping...
[22:11:28.875] 'postcss-property-lookup':: Entry for package 'postcss-property-lookup' does not exist in local types registry - skipping...
[22:11:28.875] 'postcss-pseudo-class-any-link':: Entry for package 'postcss-pseudo-class-any-link' does not exist in local types registry - skipping...
[22:11:28.875] 'postcss-replace-overflow-wrap':: Entry for package 'postcss-replace-overflow-wrap' does not exist in local types registry - skipping...
[22:11:28.876] 'postcss-selector-matches':: Entry for package 'postcss-selector-matches' does not exist in local types registry - skipping...
[22:11:28.876] 'postcss-selector-not':: Entry for package 'postcss-selector-not' does not exist in local types registry - skipping...
[22:11:28.876] 'postcss-value-parser':: Entry for package 'postcss-value-parser' does not exist in local types registry - skipping...
[22:11:28.876] 'precss':: Entry for package 'precss' does not exist in local types registry - skipping...
[22:11:28.876] 'read-cache':: Entry for package 'read-cache' does not exist in local types registry - skipping...
[22:11:28.876] 'cssdb':: Entry for package 'cssdb' does not exist in local types registry - skipping...
[22:11:28.876] 'sugarss':: Entry for package 'sugarss' does not exist in local types registry - skipping...
[22:11:28.876] 'globby':: Entry for package 'globby' does not exist in local types registry - skipping...
[22:11:28.877] 'lost':: Entry for package 'lost' does not exist in local types registry - skipping...
[22:11:28.877] 'postcss-advanced-variables':: Entry for package 'postcss-advanced-variables' does not exist in local types registry - skipping...
[22:11:28.877] 'postcss-atroot':: Entry for package 'postcss-atroot' does not exist in local types registry - skipping...
[22:11:28.877] All typings are known to be missing or invalid - no need to install more typings
[22:11:28.877] Sending response:
    {"projectName":"/dev/null/inferredProject1*","typeAcquisition":{"enable":true,"include":[],"exclude":[]},"compilerOptions":{"target":1,"jsx":1,"allowNonTsExtensions":true,"allowJs":true,"noEmitForJsFiles":true,"maxNodeModuleJsDepth":2},"typings":[],"unresolvedImports":["@csstools/sass-import-resolve","array-union","css-blank-pseudo","css-has-pseudo","css-prefers-color-scheme","cssdb","globby","lost","postcss-advanced-variables","postcss-atroot","postcss-attribute-case-insensitive","postcss-color-functional-notation","postcss-color-gray","postcss-color-hex-alpha","postcss-color-mix","postcss-color-mod-function","postcss-color-rebeccapurple","postcss-custom-media","postcss-custom-properties","postcss-custom-selectors","postcss-dir-pseudo-class","postcss-double-position-gradients","postcss-env-function","postcss-extend-rule","postcss-focus-visible","postcss-focus-within","postcss-font-variant","postcss-gap-properties","postcss-image-set-function","postcss-import","postcss-initial","postcss-js","postcss-lab-function","postcss-logical","postcss-media-minmax","postcss-message-helpers","postcss-mixins","postcss-nesting","postcss-overflow-shorthand","postcss-page-break","postcss-place","postcss-preset-env","postcss-property-lookup","postcss-pseudo-class-any-link","postcss-replace-overflow-wrap","postcss-selector-matches","postcss-selector-not","postcss-value-parser","precss","read-cache","sugarss"],"kind":"action::set"}
[22:11:28.877] Response has been sent.
